<?xml version="1.0" encoding="UTF-8"?>
<!-- Generated by org.testng.reporters.JUnitReportReporter -->
<testsuite hostname="LAPTOP-077COGF2" failures="0" tests="4" name="com.Testcases.TC_005_DDT" time="7.787" errors="0" timestamp="2022-12-20T20:58:37 GMT" skipped="0">
  <testcase classname="com.Testcases.TC_005_DDT" name="loginTestDDt" time="6.246"/>
  <system-out/>
  <testcase classname="com.Testcases.TC_005_DDT" name="loginTestDDt" time="0.471"/>
  <system-out/>
  <testcase classname="com.Testcases.TC_005_DDT" name="loginTestDDt" time="0.540"/>
  <system-out/>
  <testcase classname="com.Testcases.TC_005_DDT" name="loginTestDDt" time="0.530"/>
  <system-out/>
</testsuite> <!-- com.Testcases.TC_005_DDT -->
