<?xml version="1.0" encoding="UTF-8"?>
<!-- Generated by org.testng.reporters.JUnitReportReporter -->
<testsuite hostname="LAPTOP-077COGF2" failures="0" tests="4" name="com.Testcases.TC_005_DDT" time="6.921" errors="0" timestamp="2022-12-21T00:34:52 GMT" skipped="0">
  <testcase classname="com.Testcases.TC_005_DDT" name="loginTestDDT" time="5.477"/>
  <system-out/>
  <testcase classname="com.Testcases.TC_005_DDT" name="loginTestDDT" time="0.491"/>
  <system-out/>
  <testcase classname="com.Testcases.TC_005_DDT" name="loginTestDDT" time="0.481"/>
  <system-out/>
  <testcase classname="com.Testcases.TC_005_DDT" name="loginTestDDT" time="0.472"/>
  <system-out/>
</testsuite> <!-- com.Testcases.TC_005_DDT -->
