<?xml version="1.0" encoding="UTF-8"?>
<!-- Generated by org.testng.reporters.JUnitReportReporter -->
<testsuite hostname="LAPTOP-077COGF2" failures="0" tests="1" name="com.Testcases.TC_001_LoginTest" time="2.915" errors="0" timestamp="2022-12-20T11:08:35 GMT" skipped="0">
  <testcase classname="com.Testcases.TC_001_LoginTest" name="loginTest" time="2.915"/>
  <system-out/>
</testsuite> <!-- com.Testcases.TC_001_LoginTest -->
