<?xml version="1.0" encoding="UTF-8"?>
<!-- Generated by org.testng.reporters.JUnitReportReporter -->
<testsuite hostname="LAPTOP-077COGF2" failures="0" tests="1" name="com.Testcases.TC_003_SearchCustomerByEmail" time="6.565" errors="0" timestamp="2022-12-20T15:16:25 GMT" skipped="0">
  <testcase classname="com.Testcases.TC_003_SearchCustomerByEmail" name="searchCustomerbyEmail" time="6.565"/>
  <system-out/>
</testsuite> <!-- com.Testcases.TC_003_SearchCustomerByEmail -->
