<?xml version="1.0" encoding="UTF-8"?>
<!-- Generated by org.testng.reporters.JUnitReportReporter -->
<testsuite hostname="LAPTOP-077COGF2" failures="0" tests="1" name="com.Testcases.TC_001_LoginTest" time="3.105" errors="0" timestamp="2022-12-21T04:15:15 GMT" skipped="0">
  <testcase classname="com.Testcases.TC_001_LoginTest" name="loginTest" time="3.105"/>
  <system-out/>
</testsuite> <!-- com.Testcases.TC_001_LoginTest -->
