<?xml version="1.0" encoding="UTF-8"?>
<!-- Generated by org.testng.reporters.JUnitReportReporter -->
<testsuite hostname="LAPTOP-077COGF2" failures="0" tests="1" name="com.Testcases.TC_004_SearchCustomerByName" time="3.758" errors="0" timestamp="2022-12-20T18:59:06 GMT" skipped="0">
  <testcase classname="com.Testcases.TC_004_SearchCustomerByName" name="searchCustomerbyName" time="3.758"/>
  <system-out/>
</testsuite> <!-- com.Testcases.TC_004_SearchCustomerByName -->
