<?xml version="1.0" encoding="UTF-8"?>
<!-- Generated by org.testng.reporters.JUnitReportReporter -->
<testsuite hostname="LAPTOP-077COGF2" failures="0" tests="1" name="com.Testcases.TC_002_AddNewCustomerTest" time="14.500" errors="0" timestamp="2022-12-20T14:39:49 GMT" skipped="0">
  <testcase classname="com.Testcases.TC_002_AddNewCustomerTest" name="AddnewCustomer" time="14.500"/>
  <system-out/>
</testsuite> <!-- com.Testcases.TC_002_AddNewCustomerTest -->
