<?xml version="1.0" encoding="UTF-8"?>
<!-- Generated by org.testng.reporters.JUnitReportReporter -->
<testsuite hostname="LAPTOP-077COGF2" failures="0" tests="4" name="com.Testcases.TC_005_DDT" time="7.551" errors="0" timestamp="2022-12-20T20:42:34 GMT" skipped="0">
  <testcase classname="com.Testcases.TC_005_DDT" name="loginTestDDt" time="0.503"/>
  <system-out/>
  <testcase classname="com.Testcases.TC_005_DDT" name="loginTestDDt" time="6.024"/>
  <system-out/>
  <testcase classname="com.Testcases.TC_005_DDT" name="loginTestDDt" time="0.522"/>
  <system-out/>
  <testcase classname="com.Testcases.TC_005_DDT" name="loginTestDDt" time="0.502"/>
  <system-out/>
</testsuite> <!-- com.Testcases.TC_005_DDT -->
